<?xml version="1.0" encoding="UTF-8"?>
<!-- Generated by org.testng.reporters.JUnitReportReporter -->
<testsuite skipped="0" hostname="Yeswanth" name="Setup.ReadExcelData" tests="1" failures="0" timestamp="2020-05-21T23:59:13 IST" time="0.044" errors="0">
  <testcase name="het" time="0.044" classname="Setup.ReadExcelData"/>
  <system-out/>
</testsuite> <!-- Setup.ReadExcelData -->
