<?xml version="1.0" encoding="UTF-8"?>
<!-- Generated by org.testng.reporters.JUnitReportReporter -->
<testsuite skipped="0" hostname="Yeswanth" name="TestCases.TestCase1" tests="1" failures="0" timestamp="2020-05-22T01:58:49 IST" time="64.037" errors="0">
  <testcase name="testcase1" time="64.037" classname="TestCases.TestCase1"/>
  <system-out/>
</testsuite> <!-- TestCases.TestCase1 -->
