<?xml version="1.0" encoding="UTF-8"?>
<!-- Generated by org.testng.reporters.JUnitReportReporter -->
<testsuite skipped="0" hostname="Yeswanth" name="Setup.WriteExcelData" tests="1" failures="0" timestamp="2020-05-22T01:30:35 IST" time="1.254" errors="0">
  <testcase name="ListOutHospitals" time="1.254" classname="Setup.WriteExcelData"/>
  <system-out/>
</testsuite> <!-- Setup.WriteExcelData -->
